C51 COMPILER V9.60.7.0   LCD                                                               02/28/2023 14:29:18 PAGE 1   


C51 COMPILER V9.60.7.0, COMPILATION OF MODULE LCD
OBJECT MODULE PLACED IN .\Objects\lcd.obj
COMPILER INVOKED BY: D:\Keil_v5\C51\BIN\C51.EXE lcd.c OPTIMIZE(8,SPEED) BROWSE DEBUG OBJECTEXTEND PRINT(.\Listings\lcd.l
                    -st) TABS(2) OBJECT(.\Objects\lcd.obj)

line level    source

   1          #include <at89c5131.h>
   2          #include "lcd.h"
   3          
   4          code unsigned char startt[]="  START PROGRAM ";           
   5          code unsigned char input1[]="   FIRST INPUT  ";           
   6          code unsigned char inputnext[]="   NEXT INPUT   ";  
   7          code unsigned char sorting[]="   SORTING..   "; 
   8          code unsigned char completed[]="   COMPLETED   "; 
   9          code unsigned char numbertobe[]="  NUMBER TO BE ";
  10          code unsigned char number[]="     NUMBER     ";
  11          code unsigned char notfound[]="   NOT FOUND"    ; 
  12          code unsigned char searched[]="    SEARCHED   ";  
  13          code unsigned char index[]="  THE INDEX IS  ";  
  14          unsigned char inp[5];
  15          unsigned char disp[] = "0000000000000000";
  16          
  17          void main()
  18          {
  19   1        int u,v;
  20   1        unsigned char ii;
  21   1        int found = 0;
  22   1        unsigned char search;
  23   1        lcd_init();
  24   1        
  25   1        lcd_cmd(0x80);                          //Move cursor to first line
  26   1        msdelay(4); 
  27   1        P1 = 0x0F;
  28   1        lcd_write_string(startt);
  29   1        msdelay(5000);
  30   1        lcd_cmd(0x80);
  31   1        msdelay(4);
  32   1        lcd_write_string(input1);
  33   1        msdelay(5000);  
  34   1        P1 = P1 << 4; 
  35   1        inp[0] = P1;
  36   1        
  37   1        lcd_cmd(0x80);
  38   1        msdelay(4); 
  39   1        lcd_write_string(inputnext);
  40   1        msdelay(5000);
  41   1        
  42   1        P1 = 0x00;
  43   1        msdelay(1000);
  44   1        P1 = 0x0F;
  45   1        msdelay(4);
  46   1        P1 = P1 << 4;
  47   1        inp[1] = P1;
  48   1      
  49   1        lcd_cmd(0x80);
  50   1        msdelay(4); 
  51   1        lcd_write_string(inputnext);
  52   1        msdelay(5000);
  53   1      
  54   1        P1 = 0x00;
C51 COMPILER V9.60.7.0   LCD                                                               02/28/2023 14:29:18 PAGE 2   

  55   1        msdelay(1000);
  56   1        P1 = 0x0F;
  57   1        msdelay(4);
  58   1        P1 = P1 << 4;
  59   1        inp[2] = P1;
  60   1      
  61   1        lcd_cmd(0x80);
  62   1        msdelay(4); 
  63   1        lcd_write_string(inputnext);
  64   1        msdelay(5000);
  65   1        
  66   1        P1 = 0x00;
  67   1        msdelay(1000);
  68   1        P1 = 0x0F;
  69   1        msdelay(4);
  70   1        P1 = P1 << 4;
  71   1        inp[3] = P1;
  72   1        
  73   1        lcd_cmd(0x80);
  74   1        msdelay(4); 
  75   1        lcd_write_string(inputnext);
  76   1        msdelay(5000);  
  77   1        
  78   1        P1 = 0x00;
  79   1        msdelay(1000);
  80   1        P1 = 0x0F;
  81   1        msdelay(4);
  82   1        P1 = P1 << 4;
  83   1        inp[4] = P1;
  84   1      
  85   1        lcd_cmd(0x80);
  86   1        msdelay(4); 
  87   1        lcd_write_string(sorting);
  88   1        msdelay(5000);
  89   1        P1 = 0x00;
  90   1        msdelay(1000);
  91   1        
  92   1        lcd_cmd(0xC0);
  93   1        msdelay(4);
  94   1        lcd_write_string(completed);
  95   1        
  96   1        
  97   1      
  98   1        for(u = 0; u<4;u++){
  99   2          for(v = 0; v<4-u;v++){
 100   3              if(inp[v+1] < inp[v]){
 101   4                ii = inp[v+1];
 102   4                inp[v+1] = inp[v];
 103   4                inp[v] = ii;
 104   4            }
 105   3          }
 106   2        }
 107   1        v = 0;
 108   1        u = 0;
 109   1      
 110   1        
 111   1        P1 = inp[0];
 112   1        msdelay(5000);
 113   1        P1 = 0x00;
 114   1        msdelay(1000);
 115   1        P1 = inp[1];
 116   1        msdelay(5000);
C51 COMPILER V9.60.7.0   LCD                                                               02/28/2023 14:29:18 PAGE 3   

 117   1        P1 = 0x00;
 118   1        msdelay(1000);
 119   1        P1 = inp[2];
 120   1        msdelay(5000);
 121   1        P1 = 0x00;
 122   1        msdelay(1000);
 123   1        P1 = inp[3];
 124   1        msdelay(5000);
 125   1        P1 = 0x00;
 126   1        msdelay(1000);
 127   1        P1 = inp[4];
 128   1        msdelay(5000);
 129   1        P1 = 0x00;
 130   1        msdelay(1000);
 131   1      
 132   1        P1 = 0xFF;
 133   1        lcd_cmd(0x80);                          
 134   1        msdelay(4);
 135   1        lcd_write_string(numbertobe);
 136   1        lcd_cmd(0xC0);
 137   1        msdelay(4);
 138   1        lcd_write_string(searched);
 139   1        msdelay(5000);
 140   1        P1 = P1 << 4;
 141   1        search = P1;
 142   1        
 143   1        P1 = 0x00;
 144   1        lcd_cmd(0x01);
 145   1        msdelay(1000);
 146   1        
 147   1        u=0;
 148   1        v=0;
 149   1        for(u=0;u<5;u++){
 150   2        if(inp[u] == search){
 151   3        found = 1;
 152   3        break;
 153   3        }
 154   2        }
 155   1      
 156   1        if(found == 1){
 157   2        u = u+1;
 158   2        lcd_cmd(0x80);                          
 159   2        msdelay(4);
 160   2        lcd_write_string(index);
 161   2        P1 = u;
 162   2        u = u<<4;
 163   2        P1 = u;
 164   2        //P1 = P1 << 4;
 165   2        }
 166   1        else{
 167   2        P1 = 0xFF;
 168   2        lcd_cmd(0x80);                          
 169   2        msdelay(4);
 170   2        lcd_write_string(number);
 171   2        lcd_cmd(0xC0);
 172   2        msdelay(4);
 173   2        lcd_write_string(notfound);
 174   2        }
 175   1        
 176   1        
 177   1        while(1);
 178   1          
C51 COMPILER V9.60.7.0   LCD                                                               02/28/2023 14:29:18 PAGE 4   

 179   1      }


MODULE INFORMATION:   STATIC OVERLAYABLE
   CODE SIZE        =    830    ----
   CONSTANT SIZE    =    162    ----
   XDATA SIZE       =   ----    ----
   PDATA SIZE       =   ----    ----
   DATA SIZE        =     22       9
   IDATA SIZE       =   ----    ----
   BIT SIZE         =   ----    ----
END OF MODULE INFORMATION.


C51 COMPILATION COMPLETE.  0 WARNING(S),  0 ERROR(S)
